2022-06-09 14:53:55,942 DEBUG: com.xilinx.installer.api.e:? - Log file location: C:\Users\20101\.Xilinx\xinstall\xinstall_1654779202412.log
2022-06-09 14:53:56,282 DEBUG: com.xilinx.installer.api.e:? - Memory usage -- Used memory: 6253 MB. Total memory: 7103 MB
Recent cpu usage for system: 0%
2022-06-09 14:53:56,429 DEBUG: com.xilinx.installer.data.postInst.InstallationRecord:? - Module already installed name:Xilinx Information Center key:XiC_MODULE
2022-06-09 14:53:56,433 DEBUG: com.xilinx.installer.data.postInst.InstallationRecord:? - Module already installed name:Xilinx Information Center key:XiC_MODULE
2022-06-09 14:53:56,436 DEBUG: com.xilinx.installer.data.postInst.InstallationRecord:? - Module already installed name:Xilinx Information Center key:XiC_MODULE
2022-06-09 14:53:56,437 DEBUG: com.xilinx.installer.data.postInst.InstallationRecord:? - Module already installed name:Xilinx Information Center key:XiC_MODULE
2022-06-09 14:53:56,439 DEBUG: com.xilinx.installer.data.postInst.InstallationRecord:? - Module already installed name:Xilinx Information Center key:XiC_MODULE
2022-06-09 14:53:56,660 DEBUG: com.xilinx.installer.gui.p:? - Class to load: com.xilinx.installer.gui.panel.summary.UninstallerSummaryPanel, refKey: UninstallSummaryPanel
2022-06-09 14:53:56,714 DEBUG: com.xilinx.installer.gui.p:? - Class to load: com.xilinx.installer.gui.panel.progress.UninstallProgressPanel, refKey: UninstallProgressPanel
2022-06-09 14:54:02,651 DEBUG: o.j:? - Initiating uninstallation process.
2022-06-09 14:54:02,653 DEBUG: o.j:? - Safe to delete .xinstall dir.
2022-06-09 14:54:02,672 DEBUG: o.j:? - Delete shortcuts...
2022-06-09 14:54:02,675 DEBUG: m.c:? - Deleted shortcut: C:\ProgramData\Microsoft\Windows\Start Menu\Programs\Startup\Xilinx Information Center.lnk
2022-06-09 14:54:02,676 DEBUG: m.c:? - Deleted shortcut: C:\ProgramData\Microsoft\Windows\Start Menu\Programs\Xilinx Design Tools\Uninstall Xilinx Information Center.lnk
2022-06-09 14:54:02,678 DEBUG: m.c:? - Deleted shortcut: C:\ProgramData\Microsoft\Windows\Start Menu\Programs\Xilinx Design Tools\Xilinx Information Center.lnk
2022-06-09 14:54:02,681 DEBUG: com.xilinx.installer.utils.n:? - r:/scratch/builds/HEAD/continuous/2017_07_12_1930218/src/products/installer/cxx-src/common/RegistryManager.cxx:648 - Deleted Uninstall registry entry successfully: Xilinx_Xilinx Information Center_2017.4#0
2022-06-09 14:54:02,681 DEBUG: o.k:? - Cleaning up registry entries
2022-06-09 14:54:02,681 DEBUG: l.c:? - Deleting REG ENTRIES associated with modules...
2022-06-09 14:54:02,681 DEBUG: o.j:? - Cleaning up registry entries - SUCCESS
2022-06-09 14:54:02,682 DEBUG: o.p:? - Removing files...
2022-06-09 14:54:02,682 DEBUG: o.p:? - Deleting directory E:\VHDLL\xic\tps\win64\jre
2022-06-09 14:54:02,700 DEBUG: o.q:? - Could not delete E:\VHDLL\xic\tps\win64\jre\bin\awt.dll. E:\VHDLL\xic\tps\win64\jre\bin\awt.dll
2022-06-09 14:54:02,703 DEBUG: o.q:? - Could not delete E:\VHDLL\xic\tps\win64\jre\bin\fontmanager.dll. E:\VHDLL\xic\tps\win64\jre\bin\fontmanager.dll
2022-06-09 14:54:02,706 DEBUG: o.q:? - Could not delete E:\VHDLL\xic\tps\win64\jre\bin\java.dll. E:\VHDLL\xic\tps\win64\jre\bin\java.dll
2022-06-09 14:54:02,707 DEBUG: o.q:? - Could not delete E:\VHDLL\xic\tps\win64\jre\bin\java.exe. E:\VHDLL\xic\tps\win64\jre\bin\java.exe
2022-06-09 14:54:02,717 DEBUG: o.q:? - Could not delete E:\VHDLL\xic\tps\win64\jre\bin\management.dll. E:\VHDLL\xic\tps\win64\jre\bin\management.dll
2022-06-09 14:54:02,718 DEBUG: o.q:? - Could not delete E:\VHDLL\xic\tps\win64\jre\bin\msvcr100.dll. E:\VHDLL\xic\tps\win64\jre\bin\msvcr100.dll
2022-06-09 14:54:02,720 DEBUG: o.q:? - Could not delete E:\VHDLL\xic\tps\win64\jre\bin\net.dll. E:\VHDLL\xic\tps\win64\jre\bin\net.dll
2022-06-09 14:54:02,720 DEBUG: o.q:? - Could not delete E:\VHDLL\xic\tps\win64\jre\bin\nio.dll. E:\VHDLL\xic\tps\win64\jre\bin\nio.dll
2022-06-09 14:54:02,726 DEBUG: o.q:? - Could not delete E:\VHDLL\xic\tps\win64\jre\bin\server\jvm.dll. E:\VHDLL\xic\tps\win64\jre\bin\server\jvm.dll
2022-06-09 14:54:02,728 DEBUG: o.q:? - Could not delete E:\VHDLL\xic\tps\win64\jre\bin\server. E:\VHDLL\xic\tps\win64\jre\bin\server
2022-06-09 14:54:02,730 DEBUG: o.q:? - Could not delete E:\VHDLL\xic\tps\win64\jre\bin\t2k.dll. E:\VHDLL\xic\tps\win64\jre\bin\t2k.dll
2022-06-09 14:54:02,732 DEBUG: o.q:? - Could not delete E:\VHDLL\xic\tps\win64\jre\bin\verify.dll. E:\VHDLL\xic\tps\win64\jre\bin\verify.dll
2022-06-09 14:54:02,733 DEBUG: o.q:? - Could not delete E:\VHDLL\xic\tps\win64\jre\bin\zip.dll. E:\VHDLL\xic\tps\win64\jre\bin\zip.dll
2022-06-09 14:54:02,734 DEBUG: o.q:? - Could not delete E:\VHDLL\xic\tps\win64\jre\bin. E:\VHDLL\xic\tps\win64\jre\bin
2022-06-09 14:54:02,754 DEBUG: o.q:? - Could not delete E:\VHDLL\xic\tps\win64\jre\lib\ext\cldrdata.jar. E:\VHDLL\xic\tps\win64\jre\lib\ext\cldrdata.jar: The process cannot access the file because it is being used by another process.

2022-06-09 14:54:02,755 DEBUG: o.q:? - Could not delete E:\VHDLL\xic\tps\win64\jre\lib\ext\dnsns.jar. E:\VHDLL\xic\tps\win64\jre\lib\ext\dnsns.jar: The process cannot access the file because it is being used by another process.

2022-06-09 14:54:02,757 DEBUG: o.q:? - Could not delete E:\VHDLL\xic\tps\win64\jre\lib\ext\localedata.jar. E:\VHDLL\xic\tps\win64\jre\lib\ext\localedata.jar: The process cannot access the file because it is being used by another process.

2022-06-09 14:54:02,759 DEBUG: o.q:? - Could not delete E:\VHDLL\xic\tps\win64\jre\lib\ext. E:\VHDLL\xic\tps\win64\jre\lib\ext
2022-06-09 14:54:02,773 DEBUG: o.q:? - Could not delete E:\VHDLL\xic\tps\win64\jre\lib\resources.jar. E:\VHDLL\xic\tps\win64\jre\lib\resources.jar: The process cannot access the file because it is being used by another process.

2022-06-09 14:54:02,774 DEBUG: o.q:? - Could not delete E:\VHDLL\xic\tps\win64\jre\lib\rt.jar. E:\VHDLL\xic\tps\win64\jre\lib\rt.jar: The process cannot access the file because it is being used by another process.

2022-06-09 14:54:02,779 DEBUG: o.q:? - Could not delete E:\VHDLL\xic\tps\win64\jre\lib. E:\VHDLL\xic\tps\win64\jre\lib
2022-06-09 14:54:02,781 DEBUG: o.q:? - Could not delete E:\VHDLL\xic\tps\win64\jre. E:\VHDLL\xic\tps\win64\jre
2022-06-09 14:54:02,781 DEBUG: o.p:? - Deleting directory E:\VHDLL\xic\tps\win64
2022-06-09 14:54:02,797 DEBUG: o.q:? - Could not delete E:\VHDLL\xic\tps\win64\jre\bin\awt.dll. E:\VHDLL\xic\tps\win64\jre\bin\awt.dll
2022-06-09 14:54:02,798 DEBUG: o.q:? - Could not delete E:\VHDLL\xic\tps\win64\jre\bin\fontmanager.dll. E:\VHDLL\xic\tps\win64\jre\bin\fontmanager.dll
2022-06-09 14:54:02,799 DEBUG: o.q:? - Could not delete E:\VHDLL\xic\tps\win64\jre\bin\java.dll. E:\VHDLL\xic\tps\win64\jre\bin\java.dll
2022-06-09 14:54:02,799 DEBUG: o.q:? - Could not delete E:\VHDLL\xic\tps\win64\jre\bin\java.exe. E:\VHDLL\xic\tps\win64\jre\bin\java.exe
2022-06-09 14:54:02,800 DEBUG: o.q:? - Could not delete E:\VHDLL\xic\tps\win64\jre\bin\management.dll. E:\VHDLL\xic\tps\win64\jre\bin\management.dll
2022-06-09 14:54:02,800 DEBUG: o.q:? - Could not delete E:\VHDLL\xic\tps\win64\jre\bin\msvcr100.dll. E:\VHDLL\xic\tps\win64\jre\bin\msvcr100.dll
2022-06-09 14:54:02,801 DEBUG: o.q:? - Could not delete E:\VHDLL\xic\tps\win64\jre\bin\net.dll. E:\VHDLL\xic\tps\win64\jre\bin\net.dll
2022-06-09 14:54:02,801 DEBUG: o.q:? - Could not delete E:\VHDLL\xic\tps\win64\jre\bin\nio.dll. E:\VHDLL\xic\tps\win64\jre\bin\nio.dll
2022-06-09 14:54:02,802 DEBUG: o.q:? - Could not delete E:\VHDLL\xic\tps\win64\jre\bin\server\jvm.dll. E:\VHDLL\xic\tps\win64\jre\bin\server\jvm.dll
2022-06-09 14:54:02,802 DEBUG: o.q:? - Could not delete E:\VHDLL\xic\tps\win64\jre\bin\server. E:\VHDLL\xic\tps\win64\jre\bin\server
2022-06-09 14:54:02,803 DEBUG: o.q:? - Could not delete E:\VHDLL\xic\tps\win64\jre\bin\t2k.dll. E:\VHDLL\xic\tps\win64\jre\bin\t2k.dll
2022-06-09 14:54:02,804 DEBUG: o.q:? - Could not delete E:\VHDLL\xic\tps\win64\jre\bin\verify.dll. E:\VHDLL\xic\tps\win64\jre\bin\verify.dll
2022-06-09 14:54:02,804 DEBUG: o.q:? - Could not delete E:\VHDLL\xic\tps\win64\jre\bin\zip.dll. E:\VHDLL\xic\tps\win64\jre\bin\zip.dll
2022-06-09 14:54:02,805 DEBUG: o.q:? - Could not delete E:\VHDLL\xic\tps\win64\jre\bin. E:\VHDLL\xic\tps\win64\jre\bin
2022-06-09 14:54:02,805 DEBUG: o.q:? - Could not delete E:\VHDLL\xic\tps\win64\jre\lib\ext\cldrdata.jar. E:\VHDLL\xic\tps\win64\jre\lib\ext\cldrdata.jar: The process cannot access the file because it is being used by another process.

2022-06-09 14:54:02,806 DEBUG: o.q:? - Could not delete E:\VHDLL\xic\tps\win64\jre\lib\ext\dnsns.jar. E:\VHDLL\xic\tps\win64\jre\lib\ext\dnsns.jar: The process cannot access the file because it is being used by another process.

2022-06-09 14:54:02,806 DEBUG: o.q:? - Could not delete E:\VHDLL\xic\tps\win64\jre\lib\ext\localedata.jar. E:\VHDLL\xic\tps\win64\jre\lib\ext\localedata.jar: The process cannot access the file because it is being used by another process.

2022-06-09 14:54:02,807 DEBUG: o.q:? - Could not delete E:\VHDLL\xic\tps\win64\jre\lib\ext. E:\VHDLL\xic\tps\win64\jre\lib\ext
2022-06-09 14:54:02,807 DEBUG: o.q:? - Could not delete E:\VHDLL\xic\tps\win64\jre\lib\resources.jar. E:\VHDLL\xic\tps\win64\jre\lib\resources.jar: The process cannot access the file because it is being used by another process.

2022-06-09 14:54:02,808 DEBUG: o.q:? - Could not delete E:\VHDLL\xic\tps\win64\jre\lib\rt.jar. E:\VHDLL\xic\tps\win64\jre\lib\rt.jar: The process cannot access the file because it is being used by another process.

2022-06-09 14:54:02,808 DEBUG: o.q:? - Could not delete E:\VHDLL\xic\tps\win64\jre\lib. E:\VHDLL\xic\tps\win64\jre\lib
2022-06-09 14:54:02,808 DEBUG: o.q:? - Could not delete E:\VHDLL\xic\tps\win64\jre. E:\VHDLL\xic\tps\win64\jre
2022-06-09 14:54:02,810 DEBUG: o.q:? - Could not delete E:\VHDLL\xic\tps\win64. E:\VHDLL\xic\tps\win64
2022-06-09 14:54:02,811 DEBUG: o.p:? - Deleting directory E:\VHDLL\xic\tps
2022-06-09 14:54:02,812 DEBUG: o.q:? - Could not delete E:\VHDLL\xic\tps\win64\jre\bin\awt.dll. E:\VHDLL\xic\tps\win64\jre\bin\awt.dll
2022-06-09 14:54:02,813 DEBUG: o.q:? - Could not delete E:\VHDLL\xic\tps\win64\jre\bin\fontmanager.dll. E:\VHDLL\xic\tps\win64\jre\bin\fontmanager.dll
2022-06-09 14:54:02,814 DEBUG: o.q:? - Could not delete E:\VHDLL\xic\tps\win64\jre\bin\java.dll. E:\VHDLL\xic\tps\win64\jre\bin\java.dll
2022-06-09 14:54:02,815 DEBUG: o.q:? - Could not delete E:\VHDLL\xic\tps\win64\jre\bin\java.exe. E:\VHDLL\xic\tps\win64\jre\bin\java.exe
2022-06-09 14:54:02,816 DEBUG: o.q:? - Could not delete E:\VHDLL\xic\tps\win64\jre\bin\management.dll. E:\VHDLL\xic\tps\win64\jre\bin\management.dll
2022-06-09 14:54:02,816 DEBUG: o.q:? - Could not delete E:\VHDLL\xic\tps\win64\jre\bin\msvcr100.dll. E:\VHDLL\xic\tps\win64\jre\bin\msvcr100.dll
2022-06-09 14:54:02,817 DEBUG: o.q:? - Could not delete E:\VHDLL\xic\tps\win64\jre\bin\net.dll. E:\VHDLL\xic\tps\win64\jre\bin\net.dll
2022-06-09 14:54:02,818 DEBUG: o.q:? - Could not delete E:\VHDLL\xic\tps\win64\jre\bin\nio.dll. E:\VHDLL\xic\tps\win64\jre\bin\nio.dll
2022-06-09 14:54:02,820 DEBUG: o.q:? - Could not delete E:\VHDLL\xic\tps\win64\jre\bin\server\jvm.dll. E:\VHDLL\xic\tps\win64\jre\bin\server\jvm.dll
2022-06-09 14:54:02,820 DEBUG: o.q:? - Could not delete E:\VHDLL\xic\tps\win64\jre\bin\server. E:\VHDLL\xic\tps\win64\jre\bin\server
2022-06-09 14:54:02,821 DEBUG: o.q:? - Could not delete E:\VHDLL\xic\tps\win64\jre\bin\t2k.dll. E:\VHDLL\xic\tps\win64\jre\bin\t2k.dll
2022-06-09 14:54:02,822 DEBUG: o.q:? - Could not delete E:\VHDLL\xic\tps\win64\jre\bin\verify.dll. E:\VHDLL\xic\tps\win64\jre\bin\verify.dll
2022-06-09 14:54:02,823 DEBUG: o.q:? - Could not delete E:\VHDLL\xic\tps\win64\jre\bin\zip.dll. E:\VHDLL\xic\tps\win64\jre\bin\zip.dll
2022-06-09 14:54:02,824 DEBUG: o.q:? - Could not delete E:\VHDLL\xic\tps\win64\jre\bin. E:\VHDLL\xic\tps\win64\jre\bin
2022-06-09 14:54:02,825 DEBUG: o.q:? - Could not delete E:\VHDLL\xic\tps\win64\jre\lib\ext\cldrdata.jar. E:\VHDLL\xic\tps\win64\jre\lib\ext\cldrdata.jar: The process cannot access the file because it is being used by another process.

2022-06-09 14:54:02,826 DEBUG: o.q:? - Could not delete E:\VHDLL\xic\tps\win64\jre\lib\ext\dnsns.jar. E:\VHDLL\xic\tps\win64\jre\lib\ext\dnsns.jar: The process cannot access the file because it is being used by another process.

2022-06-09 14:54:02,826 DEBUG: o.q:? - Could not delete E:\VHDLL\xic\tps\win64\jre\lib\ext\localedata.jar. E:\VHDLL\xic\tps\win64\jre\lib\ext\localedata.jar: The process cannot access the file because it is being used by another process.

2022-06-09 14:54:02,827 DEBUG: o.q:? - Could not delete E:\VHDLL\xic\tps\win64\jre\lib\ext. E:\VHDLL\xic\tps\win64\jre\lib\ext
2022-06-09 14:54:02,827 DEBUG: o.q:? - Could not delete E:\VHDLL\xic\tps\win64\jre\lib\resources.jar. E:\VHDLL\xic\tps\win64\jre\lib\resources.jar: The process cannot access the file because it is being used by another process.

2022-06-09 14:54:02,828 DEBUG: o.q:? - Could not delete E:\VHDLL\xic\tps\win64\jre\lib\rt.jar. E:\VHDLL\xic\tps\win64\jre\lib\rt.jar: The process cannot access the file because it is being used by another process.

2022-06-09 14:54:02,829 DEBUG: o.q:? - Could not delete E:\VHDLL\xic\tps\win64\jre\lib. E:\VHDLL\xic\tps\win64\jre\lib
2022-06-09 14:54:02,829 DEBUG: o.q:? - Could not delete E:\VHDLL\xic\tps\win64\jre. E:\VHDLL\xic\tps\win64\jre
2022-06-09 14:54:02,829 DEBUG: o.q:? - Could not delete E:\VHDLL\xic\tps\win64. E:\VHDLL\xic\tps\win64
2022-06-09 14:54:02,830 DEBUG: o.q:? - Could not delete E:\VHDLL\xic\tps. E:\VHDLL\xic\tps
2022-06-09 14:54:02,830 DEBUG: o.p:? - Deleting directory E:\VHDLL\xic\scripts
2022-06-09 14:54:02,833 DEBUG: o.p:? - Deleting directory E:\VHDLL\xic\lib\win64.o
2022-06-09 14:54:02,857 DEBUG: o.q:? - Could not delete E:\VHDLL\xic\lib\win64.o\libboost_filesystem.dll. E:\VHDLL\xic\lib\win64.o\libboost_filesystem.dll
2022-06-09 14:54:02,865 DEBUG: o.q:? - Could not delete E:\VHDLL\xic\lib\win64.o\libboost_regex.dll. E:\VHDLL\xic\lib\win64.o\libboost_regex.dll
2022-06-09 14:54:02,867 DEBUG: o.q:? - Could not delete E:\VHDLL\xic\lib\win64.o\libboost_system.dll. E:\VHDLL\xic\lib\win64.o\libboost_system.dll
2022-06-09 14:54:02,868 DEBUG: o.q:? - Could not delete E:\VHDLL\xic\lib\win64.o\libInst_7z.dll. E:\VHDLL\xic\lib\win64.o\libInst_7z.dll
2022-06-09 14:54:02,869 DEBUG: o.q:? - Could not delete E:\VHDLL\xic\lib\win64.o\libInst_Client7z.dll. E:\VHDLL\xic\lib\win64.o\libInst_Client7z.dll
2022-06-09 14:54:02,869 DEBUG: o.q:? - Could not delete E:\VHDLL\xic\lib\win64.o\librdi_install.dll. E:\VHDLL\xic\lib\win64.o\librdi_install.dll
2022-06-09 14:54:02,871 DEBUG: o.q:? - Could not delete E:\VHDLL\xic\lib\win64.o. E:\VHDLL\xic\lib\win64.o
2022-06-09 14:54:02,872 DEBUG: o.p:? - Deleting directory E:\VHDLL\xic\lib\classes
2022-06-09 14:54:02,872 DEBUG: o.q:? - Could not delete E:\VHDLL\xic\lib\classes\commons-cli-1.2.jar. E:\VHDLL\xic\lib\classes\commons-cli-1.2.jar: The process cannot access the file because it is being used by another process.

2022-06-09 14:54:02,873 DEBUG: o.q:? - Could not delete E:\VHDLL\xic\lib\classes\commons-codec-1.6.jar. E:\VHDLL\xic\lib\classes\commons-codec-1.6.jar: The process cannot access the file because it is being used by another process.

2022-06-09 14:54:02,873 DEBUG: o.q:? - Could not delete E:\VHDLL\xic\lib\classes\commons-logging-1.1.1.jar. E:\VHDLL\xic\lib\classes\commons-logging-1.1.1.jar: The process cannot access the file because it is being used by another process.

2022-06-09 14:54:02,874 DEBUG: o.q:? - Could not delete E:\VHDLL\xic\lib\classes\httpclient-4.2.5.jar. E:\VHDLL\xic\lib\classes\httpclient-4.2.5.jar: The process cannot access the file because it is being used by another process.

2022-06-09 14:54:02,875 DEBUG: o.q:? - Could not delete E:\VHDLL\xic\lib\classes\httpcore-4.2.4.jar. E:\VHDLL\xic\lib\classes\httpcore-4.2.4.jar: The process cannot access the file because it is being used by another process.

2022-06-09 14:54:02,875 DEBUG: o.q:? - Could not delete E:\VHDLL\xic\lib\classes\json-simple-1.1.1.jar. E:\VHDLL\xic\lib\classes\json-simple-1.1.1.jar: The process cannot access the file because it is being used by another process.

2022-06-09 14:54:02,875 DEBUG: o.q:? - Could not delete E:\VHDLL\xic\lib\classes\log4j-1.2.15.jar. E:\VHDLL\xic\lib\classes\log4j-1.2.15.jar: The process cannot access the file because it is being used by another process.

2022-06-09 14:54:02,876 DEBUG: o.q:? - Could not delete E:\VHDLL\xic\lib\classes\xinstaller.jar. E:\VHDLL\xic\lib\classes\xinstaller.jar: The process cannot access the file because it is being used by another process.

2022-06-09 14:54:02,876 DEBUG: o.q:? - Could not delete E:\VHDLL\xic\lib\classes\zip4j_1.3.2.jar. E:\VHDLL\xic\lib\classes\zip4j_1.3.2.jar: The process cannot access the file because it is being used by another process.

2022-06-09 14:54:02,877 DEBUG: o.q:? - Could not delete E:\VHDLL\xic\lib\classes. E:\VHDLL\xic\lib\classes
2022-06-09 14:54:02,877 DEBUG: o.p:? - Deleting directory E:\VHDLL\xic\lib
2022-06-09 14:54:02,877 DEBUG: o.q:? - Could not delete E:\VHDLL\xic\lib\classes\commons-cli-1.2.jar. E:\VHDLL\xic\lib\classes\commons-cli-1.2.jar: The process cannot access the file because it is being used by another process.

2022-06-09 14:54:02,878 DEBUG: o.q:? - Could not delete E:\VHDLL\xic\lib\classes\commons-codec-1.6.jar. E:\VHDLL\xic\lib\classes\commons-codec-1.6.jar: The process cannot access the file because it is being used by another process.

2022-06-09 14:54:02,878 DEBUG: o.q:? - Could not delete E:\VHDLL\xic\lib\classes\commons-logging-1.1.1.jar. E:\VHDLL\xic\lib\classes\commons-logging-1.1.1.jar: The process cannot access the file because it is being used by another process.

2022-06-09 14:54:02,878 DEBUG: o.q:? - Could not delete E:\VHDLL\xic\lib\classes\httpclient-4.2.5.jar. E:\VHDLL\xic\lib\classes\httpclient-4.2.5.jar: The process cannot access the file because it is being used by another process.

2022-06-09 14:54:02,879 DEBUG: o.q:? - Could not delete E:\VHDLL\xic\lib\classes\httpcore-4.2.4.jar. E:\VHDLL\xic\lib\classes\httpcore-4.2.4.jar: The process cannot access the file because it is being used by another process.

2022-06-09 14:54:02,879 DEBUG: o.q:? - Could not delete E:\VHDLL\xic\lib\classes\json-simple-1.1.1.jar. E:\VHDLL\xic\lib\classes\json-simple-1.1.1.jar: The process cannot access the file because it is being used by another process.

2022-06-09 14:54:02,880 DEBUG: o.q:? - Could not delete E:\VHDLL\xic\lib\classes\log4j-1.2.15.jar. E:\VHDLL\xic\lib\classes\log4j-1.2.15.jar: The process cannot access the file because it is being used by another process.

2022-06-09 14:54:02,880 DEBUG: o.q:? - Could not delete E:\VHDLL\xic\lib\classes\xinstaller.jar. E:\VHDLL\xic\lib\classes\xinstaller.jar: The process cannot access the file because it is being used by another process.

2022-06-09 14:54:02,880 DEBUG: o.q:? - Could not delete E:\VHDLL\xic\lib\classes\zip4j_1.3.2.jar. E:\VHDLL\xic\lib\classes\zip4j_1.3.2.jar: The process cannot access the file because it is being used by another process.

2022-06-09 14:54:02,880 DEBUG: o.q:? - Could not delete E:\VHDLL\xic\lib\classes. E:\VHDLL\xic\lib\classes
2022-06-09 14:54:02,881 DEBUG: o.q:? - Could not delete E:\VHDLL\xic\lib\win64.o\libboost_filesystem.dll. E:\VHDLL\xic\lib\win64.o\libboost_filesystem.dll
2022-06-09 14:54:02,881 DEBUG: o.q:? - Could not delete E:\VHDLL\xic\lib\win64.o\libboost_regex.dll. E:\VHDLL\xic\lib\win64.o\libboost_regex.dll
2022-06-09 14:54:02,882 DEBUG: o.q:? - Could not delete E:\VHDLL\xic\lib\win64.o\libboost_system.dll. E:\VHDLL\xic\lib\win64.o\libboost_system.dll
2022-06-09 14:54:02,883 DEBUG: o.q:? - Could not delete E:\VHDLL\xic\lib\win64.o\libInst_7z.dll. E:\VHDLL\xic\lib\win64.o\libInst_7z.dll
2022-06-09 14:54:02,883 DEBUG: o.q:? - Could not delete E:\VHDLL\xic\lib\win64.o\libInst_Client7z.dll. E:\VHDLL\xic\lib\win64.o\libInst_Client7z.dll
2022-06-09 14:54:02,884 DEBUG: o.q:? - Could not delete E:\VHDLL\xic\lib\win64.o\librdi_install.dll. E:\VHDLL\xic\lib\win64.o\librdi_install.dll
2022-06-09 14:54:02,885 DEBUG: o.q:? - Could not delete E:\VHDLL\xic\lib\win64.o. E:\VHDLL\xic\lib\win64.o
2022-06-09 14:54:02,885 DEBUG: o.q:? - Could not delete E:\VHDLL\xic\lib. E:\VHDLL\xic\lib
2022-06-09 14:54:02,886 DEBUG: o.p:? - Deleting directory E:\VHDLL\xic\data\images
2022-06-09 14:54:02,899 DEBUG: o.p:? - Deleting directory E:\VHDLL\xic\data
2022-06-09 14:54:02,901 DEBUG: o.p:? - Deleting directory E:\VHDLL\xic\bin\unwrapped\win64.o
2022-06-09 14:54:02,914 DEBUG: o.p:? - Deleting directory E:\VHDLL\xic\bin\unwrapped
2022-06-09 14:54:02,914 DEBUG: o.p:? - Deleting directory E:\VHDLL\xic\bin
2022-06-09 14:54:02,917 DEBUG: o.q:? - Could not delete E:\VHDLL\xic\bin. E:\VHDLL\xic\bin
2022-06-09 14:54:02,917 DEBUG: o.p:? - Deleting directory E:\VHDLL\xic
2022-06-09 14:54:02,927 DEBUG: o.q:? - Could not delete E:\VHDLL\xic\bin. E:\VHDLL\xic\bin
2022-06-09 14:54:02,928 DEBUG: o.q:? - Could not delete E:\VHDLL\xic\lib\classes\commons-cli-1.2.jar. E:\VHDLL\xic\lib\classes\commons-cli-1.2.jar: The process cannot access the file because it is being used by another process.

2022-06-09 14:54:02,928 DEBUG: o.q:? - Could not delete E:\VHDLL\xic\lib\classes\commons-codec-1.6.jar. E:\VHDLL\xic\lib\classes\commons-codec-1.6.jar: The process cannot access the file because it is being used by another process.

2022-06-09 14:54:02,929 DEBUG: o.q:? - Could not delete E:\VHDLL\xic\lib\classes\commons-logging-1.1.1.jar. E:\VHDLL\xic\lib\classes\commons-logging-1.1.1.jar: The process cannot access the file because it is being used by another process.

2022-06-09 14:54:02,929 DEBUG: o.q:? - Could not delete E:\VHDLL\xic\lib\classes\httpclient-4.2.5.jar. E:\VHDLL\xic\lib\classes\httpclient-4.2.5.jar: The process cannot access the file because it is being used by another process.

2022-06-09 14:54:02,929 DEBUG: o.q:? - Could not delete E:\VHDLL\xic\lib\classes\httpcore-4.2.4.jar. E:\VHDLL\xic\lib\classes\httpcore-4.2.4.jar: The process cannot access the file because it is being used by another process.

2022-06-09 14:54:02,929 DEBUG: o.q:? - Could not delete E:\VHDLL\xic\lib\classes\json-simple-1.1.1.jar. E:\VHDLL\xic\lib\classes\json-simple-1.1.1.jar: The process cannot access the file because it is being used by another process.

2022-06-09 14:54:02,930 DEBUG: o.q:? - Could not delete E:\VHDLL\xic\lib\classes\log4j-1.2.15.jar. E:\VHDLL\xic\lib\classes\log4j-1.2.15.jar: The process cannot access the file because it is being used by another process.

2022-06-09 14:54:02,930 DEBUG: o.q:? - Could not delete E:\VHDLL\xic\lib\classes\xinstaller.jar. E:\VHDLL\xic\lib\classes\xinstaller.jar: The process cannot access the file because it is being used by another process.

2022-06-09 14:54:02,931 DEBUG: o.q:? - Could not delete E:\VHDLL\xic\lib\classes\zip4j_1.3.2.jar. E:\VHDLL\xic\lib\classes\zip4j_1.3.2.jar: The process cannot access the file because it is being used by another process.

2022-06-09 14:54:02,931 DEBUG: o.q:? - Could not delete E:\VHDLL\xic\lib\classes. E:\VHDLL\xic\lib\classes
2022-06-09 14:54:02,931 DEBUG: o.q:? - Could not delete E:\VHDLL\xic\lib\win64.o\libboost_filesystem.dll. E:\VHDLL\xic\lib\win64.o\libboost_filesystem.dll
2022-06-09 14:54:02,932 DEBUG: o.q:? - Could not delete E:\VHDLL\xic\lib\win64.o\libboost_regex.dll. E:\VHDLL\xic\lib\win64.o\libboost_regex.dll
2022-06-09 14:54:02,933 DEBUG: o.q:? - Could not delete E:\VHDLL\xic\lib\win64.o\libboost_system.dll. E:\VHDLL\xic\lib\win64.o\libboost_system.dll
2022-06-09 14:54:02,933 DEBUG: o.q:? - Could not delete E:\VHDLL\xic\lib\win64.o\libInst_7z.dll. E:\VHDLL\xic\lib\win64.o\libInst_7z.dll
2022-06-09 14:54:02,934 DEBUG: o.q:? - Could not delete E:\VHDLL\xic\lib\win64.o\libInst_Client7z.dll. E:\VHDLL\xic\lib\win64.o\libInst_Client7z.dll
2022-06-09 14:54:02,935 DEBUG: o.q:? - Could not delete E:\VHDLL\xic\lib\win64.o\librdi_install.dll. E:\VHDLL\xic\lib\win64.o\librdi_install.dll
2022-06-09 14:54:02,935 DEBUG: o.q:? - Could not delete E:\VHDLL\xic\lib\win64.o. E:\VHDLL\xic\lib\win64.o
2022-06-09 14:54:02,935 DEBUG: o.q:? - Could not delete E:\VHDLL\xic\lib. E:\VHDLL\xic\lib
2022-06-09 14:54:02,936 DEBUG: o.q:? - Could not delete E:\VHDLL\xic\tps\win64\jre\bin\awt.dll. E:\VHDLL\xic\tps\win64\jre\bin\awt.dll
2022-06-09 14:54:02,937 DEBUG: o.q:? - Could not delete E:\VHDLL\xic\tps\win64\jre\bin\fontmanager.dll. E:\VHDLL\xic\tps\win64\jre\bin\fontmanager.dll
2022-06-09 14:54:02,937 DEBUG: o.q:? - Could not delete E:\VHDLL\xic\tps\win64\jre\bin\java.dll. E:\VHDLL\xic\tps\win64\jre\bin\java.dll
2022-06-09 14:54:02,938 DEBUG: o.q:? - Could not delete E:\VHDLL\xic\tps\win64\jre\bin\java.exe. E:\VHDLL\xic\tps\win64\jre\bin\java.exe
2022-06-09 14:54:02,938 DEBUG: o.q:? - Could not delete E:\VHDLL\xic\tps\win64\jre\bin\management.dll. E:\VHDLL\xic\tps\win64\jre\bin\management.dll
2022-06-09 14:54:02,939 DEBUG: o.q:? - Could not delete E:\VHDLL\xic\tps\win64\jre\bin\msvcr100.dll. E:\VHDLL\xic\tps\win64\jre\bin\msvcr100.dll
2022-06-09 14:54:02,939 DEBUG: o.q:? - Could not delete E:\VHDLL\xic\tps\win64\jre\bin\net.dll. E:\VHDLL\xic\tps\win64\jre\bin\net.dll
2022-06-09 14:54:02,940 DEBUG: o.q:? - Could not delete E:\VHDLL\xic\tps\win64\jre\bin\nio.dll. E:\VHDLL\xic\tps\win64\jre\bin\nio.dll
2022-06-09 14:54:02,940 DEBUG: o.q:? - Could not delete E:\VHDLL\xic\tps\win64\jre\bin\server\jvm.dll. E:\VHDLL\xic\tps\win64\jre\bin\server\jvm.dll
2022-06-09 14:54:02,940 DEBUG: o.q:? - Could not delete E:\VHDLL\xic\tps\win64\jre\bin\server. E:\VHDLL\xic\tps\win64\jre\bin\server
2022-06-09 14:54:02,941 DEBUG: o.q:? - Could not delete E:\VHDLL\xic\tps\win64\jre\bin\t2k.dll. E:\VHDLL\xic\tps\win64\jre\bin\t2k.dll
2022-06-09 14:54:02,941 DEBUG: o.q:? - Could not delete E:\VHDLL\xic\tps\win64\jre\bin\verify.dll. E:\VHDLL\xic\tps\win64\jre\bin\verify.dll
2022-06-09 14:54:02,942 DEBUG: o.q:? - Could not delete E:\VHDLL\xic\tps\win64\jre\bin\zip.dll. E:\VHDLL\xic\tps\win64\jre\bin\zip.dll
2022-06-09 14:54:02,942 DEBUG: o.q:? - Could not delete E:\VHDLL\xic\tps\win64\jre\bin. E:\VHDLL\xic\tps\win64\jre\bin
2022-06-09 14:54:02,942 DEBUG: o.q:? - Could not delete E:\VHDLL\xic\tps\win64\jre\lib\ext\cldrdata.jar. E:\VHDLL\xic\tps\win64\jre\lib\ext\cldrdata.jar: The process cannot access the file because it is being used by another process.

2022-06-09 14:54:02,943 DEBUG: o.q:? - Could not delete E:\VHDLL\xic\tps\win64\jre\lib\ext\dnsns.jar. E:\VHDLL\xic\tps\win64\jre\lib\ext\dnsns.jar: The process cannot access the file because it is being used by another process.

2022-06-09 14:54:02,943 DEBUG: o.q:? - Could not delete E:\VHDLL\xic\tps\win64\jre\lib\ext\localedata.jar. E:\VHDLL\xic\tps\win64\jre\lib\ext\localedata.jar: The process cannot access the file because it is being used by another process.

2022-06-09 14:54:02,943 DEBUG: o.q:? - Could not delete E:\VHDLL\xic\tps\win64\jre\lib\ext. E:\VHDLL\xic\tps\win64\jre\lib\ext
2022-06-09 14:54:02,943 DEBUG: o.q:? - Could not delete E:\VHDLL\xic\tps\win64\jre\lib\resources.jar. E:\VHDLL\xic\tps\win64\jre\lib\resources.jar: The process cannot access the file because it is being used by another process.

2022-06-09 14:54:02,944 DEBUG: o.q:? - Could not delete E:\VHDLL\xic\tps\win64\jre\lib\rt.jar. E:\VHDLL\xic\tps\win64\jre\lib\rt.jar: The process cannot access the file because it is being used by another process.

2022-06-09 14:54:02,944 DEBUG: o.q:? - Could not delete E:\VHDLL\xic\tps\win64\jre\lib. E:\VHDLL\xic\tps\win64\jre\lib
2022-06-09 14:54:02,944 DEBUG: o.q:? - Could not delete E:\VHDLL\xic\tps\win64\jre. E:\VHDLL\xic\tps\win64\jre
2022-06-09 14:54:02,944 DEBUG: o.q:? - Could not delete E:\VHDLL\xic\tps\win64. E:\VHDLL\xic\tps\win64
2022-06-09 14:54:02,945 DEBUG: o.q:? - Could not delete E:\VHDLL\xic\tps. E:\VHDLL\xic\tps
2022-06-09 14:54:02,946 DEBUG: o.q:? - Could not delete E:\VHDLL\xic. E:\VHDLL\xic: The process cannot access the file because it is being used by another process.

2022-06-09 14:54:02,946 DEBUG: o.p:? - Deleting directory E:\VHDLL\.xinstall\xic\tps\win64\jre
2022-06-09 14:54:02,947 DEBUG: o.q:? - Could not delete E:\VHDLL\.xinstall\xic\tps\win64\jre\bin\awt.dll. E:\VHDLL\.xinstall\xic\tps\win64\jre\bin\awt.dll
2022-06-09 14:54:02,948 DEBUG: o.q:? - Could not delete E:\VHDLL\.xinstall\xic\tps\win64\jre\bin\dcpr.dll. E:\VHDLL\.xinstall\xic\tps\win64\jre\bin\dcpr.dll
2022-06-09 14:54:02,951 DEBUG: o.q:? - Could not delete E:\VHDLL\.xinstall\xic\tps\win64\jre\bin\fontmanager.dll. E:\VHDLL\.xinstall\xic\tps\win64\jre\bin\fontmanager.dll
2022-06-09 14:54:02,954 DEBUG: o.q:? - Could not delete E:\VHDLL\.xinstall\xic\tps\win64\jre\bin\java.dll. E:\VHDLL\.xinstall\xic\tps\win64\jre\bin\java.dll
2022-06-09 14:54:02,955 DEBUG: o.q:? - Could not delete E:\VHDLL\.xinstall\xic\tps\win64\jre\bin\java.exe. E:\VHDLL\.xinstall\xic\tps\win64\jre\bin\java.exe
2022-06-09 14:54:02,960 DEBUG: o.q:? - Could not delete E:\VHDLL\.xinstall\xic\tps\win64\jre\bin\jpeg.dll. E:\VHDLL\.xinstall\xic\tps\win64\jre\bin\jpeg.dll
2022-06-09 14:54:02,963 DEBUG: o.q:? - Could not delete E:\VHDLL\.xinstall\xic\tps\win64\jre\bin\management.dll. E:\VHDLL\.xinstall\xic\tps\win64\jre\bin\management.dll
2022-06-09 14:54:02,964 DEBUG: o.q:? - Could not delete E:\VHDLL\.xinstall\xic\tps\win64\jre\bin\msvcr100.dll. E:\VHDLL\.xinstall\xic\tps\win64\jre\bin\msvcr100.dll
2022-06-09 14:54:02,965 DEBUG: o.q:? - Could not delete E:\VHDLL\.xinstall\xic\tps\win64\jre\bin\net.dll. E:\VHDLL\.xinstall\xic\tps\win64\jre\bin\net.dll
2022-06-09 14:54:02,966 DEBUG: o.q:? - Could not delete E:\VHDLL\.xinstall\xic\tps\win64\jre\bin\nio.dll. E:\VHDLL\.xinstall\xic\tps\win64\jre\bin\nio.dll
2022-06-09 14:54:02,969 DEBUG: o.q:? - Could not delete E:\VHDLL\.xinstall\xic\tps\win64\jre\bin\server\jvm.dll. E:\VHDLL\.xinstall\xic\tps\win64\jre\bin\server\jvm.dll
2022-06-09 14:54:02,970 DEBUG: o.q:? - Could not delete E:\VHDLL\.xinstall\xic\tps\win64\jre\bin\server. E:\VHDLL\.xinstall\xic\tps\win64\jre\bin\server
2022-06-09 14:54:02,971 DEBUG: o.q:? - Could not delete E:\VHDLL\.xinstall\xic\tps\win64\jre\bin\splashscreen.dll. E:\VHDLL\.xinstall\xic\tps\win64\jre\bin\splashscreen.dll
2022-06-09 14:54:02,973 DEBUG: o.q:? - Could not delete E:\VHDLL\.xinstall\xic\tps\win64\jre\bin\t2k.dll. E:\VHDLL\.xinstall\xic\tps\win64\jre\bin\t2k.dll
2022-06-09 14:54:02,974 DEBUG: o.q:? - Could not delete E:\VHDLL\.xinstall\xic\tps\win64\jre\bin\verify.dll. E:\VHDLL\.xinstall\xic\tps\win64\jre\bin\verify.dll
2022-06-09 14:54:02,975 DEBUG: o.q:? - Could not delete E:\VHDLL\.xinstall\xic\tps\win64\jre\bin\zip.dll. E:\VHDLL\.xinstall\xic\tps\win64\jre\bin\zip.dll
2022-06-09 14:54:02,975 DEBUG: o.q:? - Could not delete E:\VHDLL\.xinstall\xic\tps\win64\jre\bin. E:\VHDLL\.xinstall\xic\tps\win64\jre\bin
2022-06-09 14:54:02,985 DEBUG: o.q:? - Could not delete E:\VHDLL\.xinstall\xic\tps\win64\jre\lib\ext\cldrdata.jar. E:\VHDLL\.xinstall\xic\tps\win64\jre\lib\ext\cldrdata.jar: The process cannot access the file because it is being used by another process.

2022-06-09 14:54:02,986 DEBUG: o.q:? - Could not delete E:\VHDLL\.xinstall\xic\tps\win64\jre\lib\ext\dnsns.jar. E:\VHDLL\.xinstall\xic\tps\win64\jre\lib\ext\dnsns.jar: The process cannot access the file because it is being used by another process.

2022-06-09 14:54:02,987 DEBUG: o.q:? - Could not delete E:\VHDLL\.xinstall\xic\tps\win64\jre\lib\ext\localedata.jar. E:\VHDLL\.xinstall\xic\tps\win64\jre\lib\ext\localedata.jar: The process cannot access the file because it is being used by another process.

2022-06-09 14:54:02,988 DEBUG: o.q:? - Could not delete E:\VHDLL\.xinstall\xic\tps\win64\jre\lib\ext\sunjce_provider.jar. E:\VHDLL\.xinstall\xic\tps\win64\jre\lib\ext\sunjce_provider.jar: The process cannot access the file because it is being used by another process.

2022-06-09 14:54:02,989 DEBUG: o.q:? - Could not delete E:\VHDLL\.xinstall\xic\tps\win64\jre\lib\ext\sunmscapi.jar. E:\VHDLL\.xinstall\xic\tps\win64\jre\lib\ext\sunmscapi.jar: The process cannot access the file because it is being used by another process.

2022-06-09 14:54:02,989 DEBUG: o.q:? - Could not delete E:\VHDLL\.xinstall\xic\tps\win64\jre\lib\ext\sunpkcs11.jar. E:\VHDLL\.xinstall\xic\tps\win64\jre\lib\ext\sunpkcs11.jar: The process cannot access the file because it is being used by another process.

2022-06-09 14:54:02,989 DEBUG: o.q:? - Could not delete E:\VHDLL\.xinstall\xic\tps\win64\jre\lib\ext. E:\VHDLL\.xinstall\xic\tps\win64\jre\lib\ext
2022-06-09 14:54:02,996 DEBUG: o.q:? - Could not delete E:\VHDLL\.xinstall\xic\tps\win64\jre\lib\jce.jar. E:\VHDLL\.xinstall\xic\tps\win64\jre\lib\jce.jar: The process cannot access the file because it is being used by another process.

2022-06-09 14:54:02,998 DEBUG: o.q:? - Could not delete E:\VHDLL\.xinstall\xic\tps\win64\jre\lib\jsse.jar. E:\VHDLL\.xinstall\xic\tps\win64\jre\lib\jsse.jar: The process cannot access the file because it is being used by another process.

2022-06-09 14:54:03,000 DEBUG: o.q:? - Could not delete E:\VHDLL\.xinstall\xic\tps\win64\jre\lib\resources.jar. E:\VHDLL\.xinstall\xic\tps\win64\jre\lib\resources.jar: The process cannot access the file because it is being used by another process.

2022-06-09 14:54:03,001 DEBUG: o.q:? - Could not delete E:\VHDLL\.xinstall\xic\tps\win64\jre\lib\rt.jar. E:\VHDLL\.xinstall\xic\tps\win64\jre\lib\rt.jar: The process cannot access the file because it is being used by another process.

2022-06-09 14:54:03,004 DEBUG: o.q:? - Could not delete E:\VHDLL\.xinstall\xic\tps\win64\jre\lib. E:\VHDLL\.xinstall\xic\tps\win64\jre\lib
2022-06-09 14:54:03,005 DEBUG: o.q:? - Could not delete E:\VHDLL\.xinstall\xic\tps\win64\jre. E:\VHDLL\.xinstall\xic\tps\win64\jre
2022-06-09 14:54:03,005 DEBUG: o.p:? - Deleting directory E:\VHDLL\.xinstall\xic\tps\win64
2022-06-09 14:54:03,018 DEBUG: o.q:? - Could not delete E:\VHDLL\.xinstall\xic\tps\win64\jre\bin\awt.dll. E:\VHDLL\.xinstall\xic\tps\win64\jre\bin\awt.dll
2022-06-09 14:54:03,019 DEBUG: o.q:? - Could not delete E:\VHDLL\.xinstall\xic\tps\win64\jre\bin\dcpr.dll. E:\VHDLL\.xinstall\xic\tps\win64\jre\bin\dcpr.dll
2022-06-09 14:54:03,020 DEBUG: o.q:? - Could not delete E:\VHDLL\.xinstall\xic\tps\win64\jre\bin\fontmanager.dll. E:\VHDLL\.xinstall\xic\tps\win64\jre\bin\fontmanager.dll
2022-06-09 14:54:03,020 DEBUG: o.q:? - Could not delete E:\VHDLL\.xinstall\xic\tps\win64\jre\bin\java.dll. E:\VHDLL\.xinstall\xic\tps\win64\jre\bin\java.dll
2022-06-09 14:54:03,021 DEBUG: o.q:? - Could not delete E:\VHDLL\.xinstall\xic\tps\win64\jre\bin\java.exe. E:\VHDLL\.xinstall\xic\tps\win64\jre\bin\java.exe
2022-06-09 14:54:03,021 DEBUG: o.q:? - Could not delete E:\VHDLL\.xinstall\xic\tps\win64\jre\bin\jpeg.dll. E:\VHDLL\.xinstall\xic\tps\win64\jre\bin\jpeg.dll
2022-06-09 14:54:03,021 DEBUG: o.q:? - Could not delete E:\VHDLL\.xinstall\xic\tps\win64\jre\bin\management.dll. E:\VHDLL\.xinstall\xic\tps\win64\jre\bin\management.dll
2022-06-09 14:54:03,022 DEBUG: o.q:? - Could not delete E:\VHDLL\.xinstall\xic\tps\win64\jre\bin\msvcr100.dll. E:\VHDLL\.xinstall\xic\tps\win64\jre\bin\msvcr100.dll
2022-06-09 14:54:03,026 DEBUG: o.q:? - Could not delete E:\VHDLL\.xinstall\xic\tps\win64\jre\bin\net.dll. E:\VHDLL\.xinstall\xic\tps\win64\jre\bin\net.dll
2022-06-09 14:54:03,027 DEBUG: o.q:? - Could not delete E:\VHDLL\.xinstall\xic\tps\win64\jre\bin\nio.dll. E:\VHDLL\.xinstall\xic\tps\win64\jre\bin\nio.dll
2022-06-09 14:54:03,028 DEBUG: o.q:? - Could not delete E:\VHDLL\.xinstall\xic\tps\win64\jre\bin\server\jvm.dll. E:\VHDLL\.xinstall\xic\tps\win64\jre\bin\server\jvm.dll
2022-06-09 14:54:03,028 DEBUG: o.q:? - Could not delete E:\VHDLL\.xinstall\xic\tps\win64\jre\bin\server. E:\VHDLL\.xinstall\xic\tps\win64\jre\bin\server
2022-06-09 14:54:03,029 DEBUG: o.q:? - Could not delete E:\VHDLL\.xinstall\xic\tps\win64\jre\bin\splashscreen.dll. E:\VHDLL\.xinstall\xic\tps\win64\jre\bin\splashscreen.dll
2022-06-09 14:54:03,029 DEBUG: o.q:? - Could not delete E:\VHDLL\.xinstall\xic\tps\win64\jre\bin\t2k.dll. E:\VHDLL\.xinstall\xic\tps\win64\jre\bin\t2k.dll
2022-06-09 14:54:03,029 DEBUG: o.q:? - Could not delete E:\VHDLL\.xinstall\xic\tps\win64\jre\bin\verify.dll. E:\VHDLL\.xinstall\xic\tps\win64\jre\bin\verify.dll
2022-06-09 14:54:03,030 DEBUG: o.q:? - Could not delete E:\VHDLL\.xinstall\xic\tps\win64\jre\bin\zip.dll. E:\VHDLL\.xinstall\xic\tps\win64\jre\bin\zip.dll
2022-06-09 14:54:03,030 DEBUG: o.q:? - Could not delete E:\VHDLL\.xinstall\xic\tps\win64\jre\bin. E:\VHDLL\.xinstall\xic\tps\win64\jre\bin
2022-06-09 14:54:03,031 DEBUG: o.q:? - Could not delete E:\VHDLL\.xinstall\xic\tps\win64\jre\lib\ext\cldrdata.jar. E:\VHDLL\.xinstall\xic\tps\win64\jre\lib\ext\cldrdata.jar: The process cannot access the file because it is being used by another process.

2022-06-09 14:54:03,031 DEBUG: o.q:? - Could not delete E:\VHDLL\.xinstall\xic\tps\win64\jre\lib\ext\dnsns.jar. E:\VHDLL\.xinstall\xic\tps\win64\jre\lib\ext\dnsns.jar: The process cannot access the file because it is being used by another process.

2022-06-09 14:54:03,031 DEBUG: o.q:? - Could not delete E:\VHDLL\.xinstall\xic\tps\win64\jre\lib\ext\localedata.jar. E:\VHDLL\.xinstall\xic\tps\win64\jre\lib\ext\localedata.jar: The process cannot access the file because it is being used by another process.

2022-06-09 14:54:03,031 DEBUG: o.q:? - Could not delete E:\VHDLL\.xinstall\xic\tps\win64\jre\lib\ext\sunjce_provider.jar. E:\VHDLL\.xinstall\xic\tps\win64\jre\lib\ext\sunjce_provider.jar: The process cannot access the file because it is being used by another process.

2022-06-09 14:54:03,032 DEBUG: o.q:? - Could not delete E:\VHDLL\.xinstall\xic\tps\win64\jre\lib\ext\sunmscapi.jar. E:\VHDLL\.xinstall\xic\tps\win64\jre\lib\ext\sunmscapi.jar: The process cannot access the file because it is being used by another process.

2022-06-09 14:54:03,032 DEBUG: o.q:? - Could not delete E:\VHDLL\.xinstall\xic\tps\win64\jre\lib\ext\sunpkcs11.jar. E:\VHDLL\.xinstall\xic\tps\win64\jre\lib\ext\sunpkcs11.jar: The process cannot access the file because it is being used by another process.

2022-06-09 14:54:03,032 DEBUG: o.q:? - Could not delete E:\VHDLL\.xinstall\xic\tps\win64\jre\lib\ext. E:\VHDLL\.xinstall\xic\tps\win64\jre\lib\ext
2022-06-09 14:54:03,032 DEBUG: o.q:? - Could not delete E:\VHDLL\.xinstall\xic\tps\win64\jre\lib\jce.jar. E:\VHDLL\.xinstall\xic\tps\win64\jre\lib\jce.jar: The process cannot access the file because it is being used by another process.

2022-06-09 14:54:03,033 DEBUG: o.q:? - Could not delete E:\VHDLL\.xinstall\xic\tps\win64\jre\lib\jsse.jar. E:\VHDLL\.xinstall\xic\tps\win64\jre\lib\jsse.jar: The process cannot access the file because it is being used by another process.

2022-06-09 14:54:03,033 DEBUG: o.q:? - Could not delete E:\VHDLL\.xinstall\xic\tps\win64\jre\lib\resources.jar. E:\VHDLL\.xinstall\xic\tps\win64\jre\lib\resources.jar: The process cannot access the file because it is being used by another process.

2022-06-09 14:54:03,033 DEBUG: o.q:? - Could not delete E:\VHDLL\.xinstall\xic\tps\win64\jre\lib\rt.jar. E:\VHDLL\.xinstall\xic\tps\win64\jre\lib\rt.jar: The process cannot access the file because it is being used by another process.

2022-06-09 14:54:03,033 DEBUG: o.q:? - Could not delete E:\VHDLL\.xinstall\xic\tps\win64\jre\lib. E:\VHDLL\.xinstall\xic\tps\win64\jre\lib
2022-06-09 14:54:03,033 DEBUG: o.q:? - Could not delete E:\VHDLL\.xinstall\xic\tps\win64\jre. E:\VHDLL\.xinstall\xic\tps\win64\jre
2022-06-09 14:54:03,035 DEBUG: o.q:? - Could not delete E:\VHDLL\.xinstall\xic\tps\win64. E:\VHDLL\.xinstall\xic\tps\win64
2022-06-09 14:54:03,035 DEBUG: o.p:? - Deleting directory E:\VHDLL\.xinstall\xic\tps
2022-06-09 14:54:03,036 DEBUG: o.q:? - Could not delete E:\VHDLL\.xinstall\xic\tps\win64\jre\bin\awt.dll. E:\VHDLL\.xinstall\xic\tps\win64\jre\bin\awt.dll
2022-06-09 14:54:03,037 DEBUG: o.q:? - Could not delete E:\VHDLL\.xinstall\xic\tps\win64\jre\bin\dcpr.dll. E:\VHDLL\.xinstall\xic\tps\win64\jre\bin\dcpr.dll
2022-06-09 14:54:03,038 DEBUG: o.q:? - Could not delete E:\VHDLL\.xinstall\xic\tps\win64\jre\bin\fontmanager.dll. E:\VHDLL\.xinstall\xic\tps\win64\jre\bin\fontmanager.dll
2022-06-09 14:54:03,039 DEBUG: o.q:? - Could not delete E:\VHDLL\.xinstall\xic\tps\win64\jre\bin\java.dll. E:\VHDLL\.xinstall\xic\tps\win64\jre\bin\java.dll
2022-06-09 14:54:03,039 DEBUG: o.q:? - Could not delete E:\VHDLL\.xinstall\xic\tps\win64\jre\bin\java.exe. E:\VHDLL\.xinstall\xic\tps\win64\jre\bin\java.exe
2022-06-09 14:54:03,040 DEBUG: o.q:? - Could not delete E:\VHDLL\.xinstall\xic\tps\win64\jre\bin\jpeg.dll. E:\VHDLL\.xinstall\xic\tps\win64\jre\bin\jpeg.dll
2022-06-09 14:54:03,040 DEBUG: o.q:? - Could not delete E:\VHDLL\.xinstall\xic\tps\win64\jre\bin\management.dll. E:\VHDLL\.xinstall\xic\tps\win64\jre\bin\management.dll
2022-06-09 14:54:03,041 DEBUG: o.q:? - Could not delete E:\VHDLL\.xinstall\xic\tps\win64\jre\bin\msvcr100.dll. E:\VHDLL\.xinstall\xic\tps\win64\jre\bin\msvcr100.dll
2022-06-09 14:54:03,042 DEBUG: o.q:? - Could not delete E:\VHDLL\.xinstall\xic\tps\win64\jre\bin\net.dll. E:\VHDLL\.xinstall\xic\tps\win64\jre\bin\net.dll
2022-06-09 14:54:03,042 DEBUG: o.q:? - Could not delete E:\VHDLL\.xinstall\xic\tps\win64\jre\bin\nio.dll. E:\VHDLL\.xinstall\xic\tps\win64\jre\bin\nio.dll
2022-06-09 14:54:03,043 DEBUG: o.q:? - Could not delete E:\VHDLL\.xinstall\xic\tps\win64\jre\bin\server\jvm.dll. E:\VHDLL\.xinstall\xic\tps\win64\jre\bin\server\jvm.dll
2022-06-09 14:54:03,043 DEBUG: o.q:? - Could not delete E:\VHDLL\.xinstall\xic\tps\win64\jre\bin\server. E:\VHDLL\.xinstall\xic\tps\win64\jre\bin\server
2022-06-09 14:54:03,043 DEBUG: o.q:? - Could not delete E:\VHDLL\.xinstall\xic\tps\win64\jre\bin\splashscreen.dll. E:\VHDLL\.xinstall\xic\tps\win64\jre\bin\splashscreen.dll
2022-06-09 14:54:03,044 DEBUG: o.q:? - Could not delete E:\VHDLL\.xinstall\xic\tps\win64\jre\bin\t2k.dll. E:\VHDLL\.xinstall\xic\tps\win64\jre\bin\t2k.dll
2022-06-09 14:54:03,044 DEBUG: o.q:? - Could not delete E:\VHDLL\.xinstall\xic\tps\win64\jre\bin\verify.dll. E:\VHDLL\.xinstall\xic\tps\win64\jre\bin\verify.dll
2022-06-09 14:54:03,044 DEBUG: o.q:? - Could not delete E:\VHDLL\.xinstall\xic\tps\win64\jre\bin\zip.dll. E:\VHDLL\.xinstall\xic\tps\win64\jre\bin\zip.dll
2022-06-09 14:54:03,045 DEBUG: o.q:? - Could not delete E:\VHDLL\.xinstall\xic\tps\win64\jre\bin. E:\VHDLL\.xinstall\xic\tps\win64\jre\bin
2022-06-09 14:54:03,045 DEBUG: o.q:? - Could not delete E:\VHDLL\.xinstall\xic\tps\win64\jre\lib\ext\cldrdata.jar. E:\VHDLL\.xinstall\xic\tps\win64\jre\lib\ext\cldrdata.jar: The process cannot access the file because it is being used by another process.

2022-06-09 14:54:03,045 DEBUG: o.q:? - Could not delete E:\VHDLL\.xinstall\xic\tps\win64\jre\lib\ext\dnsns.jar. E:\VHDLL\.xinstall\xic\tps\win64\jre\lib\ext\dnsns.jar: The process cannot access the file because it is being used by another process.

2022-06-09 14:54:03,046 DEBUG: o.q:? - Could not delete E:\VHDLL\.xinstall\xic\tps\win64\jre\lib\ext\localedata.jar. E:\VHDLL\.xinstall\xic\tps\win64\jre\lib\ext\localedata.jar: The process cannot access the file because it is being used by another process.

2022-06-09 14:54:03,046 DEBUG: o.q:? - Could not delete E:\VHDLL\.xinstall\xic\tps\win64\jre\lib\ext\sunjce_provider.jar. E:\VHDLL\.xinstall\xic\tps\win64\jre\lib\ext\sunjce_provider.jar: The process cannot access the file because it is being used by another process.

2022-06-09 14:54:03,046 DEBUG: o.q:? - Could not delete E:\VHDLL\.xinstall\xic\tps\win64\jre\lib\ext\sunmscapi.jar. E:\VHDLL\.xinstall\xic\tps\win64\jre\lib\ext\sunmscapi.jar: The process cannot access the file because it is being used by another process.

2022-06-09 14:54:03,046 DEBUG: o.q:? - Could not delete E:\VHDLL\.xinstall\xic\tps\win64\jre\lib\ext\sunpkcs11.jar. E:\VHDLL\.xinstall\xic\tps\win64\jre\lib\ext\sunpkcs11.jar: The process cannot access the file because it is being used by another process.

2022-06-09 14:54:03,047 DEBUG: o.q:? - Could not delete E:\VHDLL\.xinstall\xic\tps\win64\jre\lib\ext. E:\VHDLL\.xinstall\xic\tps\win64\jre\lib\ext
2022-06-09 14:54:03,047 DEBUG: o.q:? - Could not delete E:\VHDLL\.xinstall\xic\tps\win64\jre\lib\jce.jar. E:\VHDLL\.xinstall\xic\tps\win64\jre\lib\jce.jar: The process cannot access the file because it is being used by another process.

2022-06-09 14:54:03,047 DEBUG: o.q:? - Could not delete E:\VHDLL\.xinstall\xic\tps\win64\jre\lib\jsse.jar. E:\VHDLL\.xinstall\xic\tps\win64\jre\lib\jsse.jar: The process cannot access the file because it is being used by another process.

2022-06-09 14:54:03,047 DEBUG: o.q:? - Could not delete E:\VHDLL\.xinstall\xic\tps\win64\jre\lib\resources.jar. E:\VHDLL\.xinstall\xic\tps\win64\jre\lib\resources.jar: The process cannot access the file because it is being used by another process.

2022-06-09 14:54:03,048 DEBUG: o.q:? - Could not delete E:\VHDLL\.xinstall\xic\tps\win64\jre\lib\rt.jar. E:\VHDLL\.xinstall\xic\tps\win64\jre\lib\rt.jar: The process cannot access the file because it is being used by another process.

2022-06-09 14:54:03,048 DEBUG: o.q:? - Could not delete E:\VHDLL\.xinstall\xic\tps\win64\jre\lib. E:\VHDLL\.xinstall\xic\tps\win64\jre\lib
2022-06-09 14:54:03,048 DEBUG: o.q:? - Could not delete E:\VHDLL\.xinstall\xic\tps\win64\jre. E:\VHDLL\.xinstall\xic\tps\win64\jre
2022-06-09 14:54:03,048 DEBUG: o.q:? - Could not delete E:\VHDLL\.xinstall\xic\tps\win64. E:\VHDLL\.xinstall\xic\tps\win64
2022-06-09 14:54:03,049 DEBUG: o.q:? - Could not delete E:\VHDLL\.xinstall\xic\tps. E:\VHDLL\.xinstall\xic\tps
2022-06-09 14:54:03,049 DEBUG: o.p:? - Deleting directory E:\VHDLL\.xinstall\xic\scripts
2022-06-09 14:54:03,050 DEBUG: o.p:? - Deleting directory E:\VHDLL\.xinstall\xic\lib\win64.o
2022-06-09 14:54:03,063 DEBUG: o.q:? - Could not delete E:\VHDLL\.xinstall\xic\lib\win64.o\libboost_filesystem.dll. E:\VHDLL\.xinstall\xic\lib\win64.o\libboost_filesystem.dll
2022-06-09 14:54:03,065 DEBUG: o.q:? - Could not delete E:\VHDLL\.xinstall\xic\lib\win64.o\libboost_regex.dll. E:\VHDLL\.xinstall\xic\lib\win64.o\libboost_regex.dll
2022-06-09 14:54:03,066 DEBUG: o.q:? - Could not delete E:\VHDLL\.xinstall\xic\lib\win64.o\libboost_system.dll. E:\VHDLL\.xinstall\xic\lib\win64.o\libboost_system.dll
2022-06-09 14:54:03,067 DEBUG: o.q:? - Could not delete E:\VHDLL\.xinstall\xic\lib\win64.o\libInst_7z.dll. E:\VHDLL\.xinstall\xic\lib\win64.o\libInst_7z.dll
2022-06-09 14:54:03,067 DEBUG: o.q:? - Could not delete E:\VHDLL\.xinstall\xic\lib\win64.o\libInst_Client7z.dll. E:\VHDLL\.xinstall\xic\lib\win64.o\libInst_Client7z.dll
2022-06-09 14:54:03,067 DEBUG: o.q:? - Could not delete E:\VHDLL\.xinstall\xic\lib\win64.o\librdi_install.dll. E:\VHDLL\.xinstall\xic\lib\win64.o\librdi_install.dll
2022-06-09 14:54:03,069 DEBUG: o.q:? - Could not delete E:\VHDLL\.xinstall\xic\lib\win64.o. E:\VHDLL\.xinstall\xic\lib\win64.o
2022-06-09 14:54:03,069 DEBUG: o.p:? - Deleting directory E:\VHDLL\.xinstall\xic\lib\classes
2022-06-09 14:54:03,070 DEBUG: o.q:? - Could not delete E:\VHDLL\.xinstall\xic\lib\classes\commons-cli-1.2.jar. E:\VHDLL\.xinstall\xic\lib\classes\commons-cli-1.2.jar: The process cannot access the file because it is being used by another process.

2022-06-09 14:54:03,071 DEBUG: o.q:? - Could not delete E:\VHDLL\.xinstall\xic\lib\classes\commons-codec-1.6.jar. E:\VHDLL\.xinstall\xic\lib\classes\commons-codec-1.6.jar: The process cannot access the file because it is being used by another process.

2022-06-09 14:54:03,071 DEBUG: o.q:? - Could not delete E:\VHDLL\.xinstall\xic\lib\classes\commons-logging-1.1.1.jar. E:\VHDLL\.xinstall\xic\lib\classes\commons-logging-1.1.1.jar: The process cannot access the file because it is being used by another process.

2022-06-09 14:54:03,072 DEBUG: o.q:? - Could not delete E:\VHDLL\.xinstall\xic\lib\classes\httpclient-4.2.5.jar. E:\VHDLL\.xinstall\xic\lib\classes\httpclient-4.2.5.jar: The process cannot access the file because it is being used by another process.

2022-06-09 14:54:03,072 DEBUG: o.q:? - Could not delete E:\VHDLL\.xinstall\xic\lib\classes\httpcore-4.2.4.jar. E:\VHDLL\.xinstall\xic\lib\classes\httpcore-4.2.4.jar: The process cannot access the file because it is being used by another process.

2022-06-09 14:54:03,072 DEBUG: o.q:? - Could not delete E:\VHDLL\.xinstall\xic\lib\classes\json-simple-1.1.1.jar. E:\VHDLL\.xinstall\xic\lib\classes\json-simple-1.1.1.jar: The process cannot access the file because it is being used by another process.

2022-06-09 14:54:03,072 DEBUG: o.q:? - Could not delete E:\VHDLL\.xinstall\xic\lib\classes\log4j-1.2.15.jar. E:\VHDLL\.xinstall\xic\lib\classes\log4j-1.2.15.jar: The process cannot access the file because it is being used by another process.

2022-06-09 14:54:03,073 DEBUG: o.q:? - Could not delete E:\VHDLL\.xinstall\xic\lib\classes\xinstaller.jar. E:\VHDLL\.xinstall\xic\lib\classes\xinstaller.jar: The process cannot access the file because it is being used by another process.

2022-06-09 14:54:03,073 DEBUG: o.q:? - Could not delete E:\VHDLL\.xinstall\xic\lib\classes\zip4j_1.3.2.jar. E:\VHDLL\.xinstall\xic\lib\classes\zip4j_1.3.2.jar: The process cannot access the file because it is being used by another process.

2022-06-09 14:54:03,074 DEBUG: o.q:? - Could not delete E:\VHDLL\.xinstall\xic\lib\classes. E:\VHDLL\.xinstall\xic\lib\classes
2022-06-09 14:54:03,074 DEBUG: o.p:? - Deleting directory E:\VHDLL\.xinstall\xic\lib
2022-06-09 14:54:03,074 DEBUG: o.q:? - Could not delete E:\VHDLL\.xinstall\xic\lib\classes\commons-cli-1.2.jar. E:\VHDLL\.xinstall\xic\lib\classes\commons-cli-1.2.jar: The process cannot access the file because it is being used by another process.

2022-06-09 14:54:03,075 DEBUG: o.q:? - Could not delete E:\VHDLL\.xinstall\xic\lib\classes\commons-codec-1.6.jar. E:\VHDLL\.xinstall\xic\lib\classes\commons-codec-1.6.jar: The process cannot access the file because it is being used by another process.

2022-06-09 14:54:03,075 DEBUG: o.q:? - Could not delete E:\VHDLL\.xinstall\xic\lib\classes\commons-logging-1.1.1.jar. E:\VHDLL\.xinstall\xic\lib\classes\commons-logging-1.1.1.jar: The process cannot access the file because it is being used by another process.

2022-06-09 14:54:03,076 DEBUG: o.q:? - Could not delete E:\VHDLL\.xinstall\xic\lib\classes\httpclient-4.2.5.jar. E:\VHDLL\.xinstall\xic\lib\classes\httpclient-4.2.5.jar: The process cannot access the file because it is being used by another process.

2022-06-09 14:54:03,076 DEBUG: o.q:? - Could not delete E:\VHDLL\.xinstall\xic\lib\classes\httpcore-4.2.4.jar. E:\VHDLL\.xinstall\xic\lib\classes\httpcore-4.2.4.jar: The process cannot access the file because it is being used by another process.

2022-06-09 14:54:03,077 DEBUG: o.q:? - Could not delete E:\VHDLL\.xinstall\xic\lib\classes\json-simple-1.1.1.jar. E:\VHDLL\.xinstall\xic\lib\classes\json-simple-1.1.1.jar: The process cannot access the file because it is being used by another process.

2022-06-09 14:54:03,077 DEBUG: o.q:? - Could not delete E:\VHDLL\.xinstall\xic\lib\classes\log4j-1.2.15.jar. E:\VHDLL\.xinstall\xic\lib\classes\log4j-1.2.15.jar: The process cannot access the file because it is being used by another process.

2022-06-09 14:54:03,078 DEBUG: o.q:? - Could not delete E:\VHDLL\.xinstall\xic\lib\classes\xinstaller.jar. E:\VHDLL\.xinstall\xic\lib\classes\xinstaller.jar: The process cannot access the file because it is being used by another process.

2022-06-09 14:54:03,078 DEBUG: o.q:? - Could not delete E:\VHDLL\.xinstall\xic\lib\classes\zip4j_1.3.2.jar. E:\VHDLL\.xinstall\xic\lib\classes\zip4j_1.3.2.jar: The process cannot access the file because it is being used by another process.

2022-06-09 14:54:03,078 DEBUG: o.q:? - Could not delete E:\VHDLL\.xinstall\xic\lib\classes. E:\VHDLL\.xinstall\xic\lib\classes
2022-06-09 14:54:03,079 DEBUG: o.q:? - Could not delete E:\VHDLL\.xinstall\xic\lib\win64.o\libboost_filesystem.dll. E:\VHDLL\.xinstall\xic\lib\win64.o\libboost_filesystem.dll
2022-06-09 14:54:03,080 DEBUG: o.q:? - Could not delete E:\VHDLL\.xinstall\xic\lib\win64.o\libboost_regex.dll. E:\VHDLL\.xinstall\xic\lib\win64.o\libboost_regex.dll
2022-06-09 14:54:03,080 DEBUG: o.q:? - Could not delete E:\VHDLL\.xinstall\xic\lib\win64.o\libboost_system.dll. E:\VHDLL\.xinstall\xic\lib\win64.o\libboost_system.dll
2022-06-09 14:54:03,081 DEBUG: o.q:? - Could not delete E:\VHDLL\.xinstall\xic\lib\win64.o\libInst_7z.dll. E:\VHDLL\.xinstall\xic\lib\win64.o\libInst_7z.dll
2022-06-09 14:54:03,082 DEBUG: o.q:? - Could not delete E:\VHDLL\.xinstall\xic\lib\win64.o\libInst_Client7z.dll. E:\VHDLL\.xinstall\xic\lib\win64.o\libInst_Client7z.dll
2022-06-09 14:54:03,082 DEBUG: o.q:? - Could not delete E:\VHDLL\.xinstall\xic\lib\win64.o\librdi_install.dll. E:\VHDLL\.xinstall\xic\lib\win64.o\librdi_install.dll
2022-06-09 14:54:03,083 DEBUG: o.q:? - Could not delete E:\VHDLL\.xinstall\xic\lib\win64.o. E:\VHDLL\.xinstall\xic\lib\win64.o
2022-06-09 14:54:03,083 DEBUG: o.q:? - Could not delete E:\VHDLL\.xinstall\xic\lib. E:\VHDLL\.xinstall\xic\lib
2022-06-09 14:54:03,083 DEBUG: o.p:? - Deleting directory E:\VHDLL\.xinstall\xic\data\images
2022-06-09 14:54:03,098 DEBUG: o.p:? - Deleting directory E:\VHDLL\.xinstall\xic\data
2022-06-09 14:54:03,101 DEBUG: o.p:? - Deleting directory E:\VHDLL\.xinstall\xic\bin\unwrapped\win64.o
2022-06-09 14:54:03,112 DEBUG: o.p:? - Deleting directory E:\VHDLL\.xinstall\xic\bin\unwrapped
2022-06-09 14:54:03,113 DEBUG: o.p:? - Deleting directory E:\VHDLL\.xinstall\xic\bin
2022-06-09 14:54:03,128 DEBUG: o.q:? - Could not delete E:\VHDLL\.xinstall\xic\bin. E:\VHDLL\.xinstall\xic\bin: The process cannot access the file because it is being used by another process.

2022-06-09 14:54:03,128 DEBUG: o.p:? - Deleting directory E:\VHDLL\.xinstall\xic
2022-06-09 14:54:03,140 DEBUG: o.q:? - Could not delete E:\VHDLL\.xinstall\xic\bin. E:\VHDLL\.xinstall\xic\bin: The process cannot access the file because it is being used by another process.

2022-06-09 14:54:03,140 DEBUG: o.q:? - Could not delete E:\VHDLL\.xinstall\xic\lib\classes\commons-cli-1.2.jar. E:\VHDLL\.xinstall\xic\lib\classes\commons-cli-1.2.jar: The process cannot access the file because it is being used by another process.

2022-06-09 14:54:03,141 DEBUG: o.q:? - Could not delete E:\VHDLL\.xinstall\xic\lib\classes\commons-codec-1.6.jar. E:\VHDLL\.xinstall\xic\lib\classes\commons-codec-1.6.jar: The process cannot access the file because it is being used by another process.

2022-06-09 14:54:03,141 DEBUG: o.q:? - Could not delete E:\VHDLL\.xinstall\xic\lib\classes\commons-logging-1.1.1.jar. E:\VHDLL\.xinstall\xic\lib\classes\commons-logging-1.1.1.jar: The process cannot access the file because it is being used by another process.

2022-06-09 14:54:03,142 DEBUG: o.q:? - Could not delete E:\VHDLL\.xinstall\xic\lib\classes\httpclient-4.2.5.jar. E:\VHDLL\.xinstall\xic\lib\classes\httpclient-4.2.5.jar: The process cannot access the file because it is being used by another process.

2022-06-09 14:54:03,142 DEBUG: o.q:? - Could not delete E:\VHDLL\.xinstall\xic\lib\classes\httpcore-4.2.4.jar. E:\VHDLL\.xinstall\xic\lib\classes\httpcore-4.2.4.jar: The process cannot access the file because it is being used by another process.

2022-06-09 14:54:03,142 DEBUG: o.q:? - Could not delete E:\VHDLL\.xinstall\xic\lib\classes\json-simple-1.1.1.jar. E:\VHDLL\.xinstall\xic\lib\classes\json-simple-1.1.1.jar: The process cannot access the file because it is being used by another process.

2022-06-09 14:54:03,142 DEBUG: o.q:? - Could not delete E:\VHDLL\.xinstall\xic\lib\classes\log4j-1.2.15.jar. E:\VHDLL\.xinstall\xic\lib\classes\log4j-1.2.15.jar: The process cannot access the file because it is being used by another process.

2022-06-09 14:54:03,143 DEBUG: o.q:? - Could not delete E:\VHDLL\.xinstall\xic\lib\classes\xinstaller.jar. E:\VHDLL\.xinstall\xic\lib\classes\xinstaller.jar: The process cannot access the file because it is being used by another process.

2022-06-09 14:54:03,143 DEBUG: o.q:? - Could not delete E:\VHDLL\.xinstall\xic\lib\classes\zip4j_1.3.2.jar. E:\VHDLL\.xinstall\xic\lib\classes\zip4j_1.3.2.jar: The process cannot access the file because it is being used by another process.

2022-06-09 14:54:03,143 DEBUG: o.q:? - Could not delete E:\VHDLL\.xinstall\xic\lib\classes. E:\VHDLL\.xinstall\xic\lib\classes
2022-06-09 14:54:03,144 DEBUG: o.q:? - Could not delete E:\VHDLL\.xinstall\xic\lib\win64.o\libboost_filesystem.dll. E:\VHDLL\.xinstall\xic\lib\win64.o\libboost_filesystem.dll
2022-06-09 14:54:03,144 DEBUG: o.q:? - Could not delete E:\VHDLL\.xinstall\xic\lib\win64.o\libboost_regex.dll. E:\VHDLL\.xinstall\xic\lib\win64.o\libboost_regex.dll
2022-06-09 14:54:03,145 DEBUG: o.q:? - Could not delete E:\VHDLL\.xinstall\xic\lib\win64.o\libboost_system.dll. E:\VHDLL\.xinstall\xic\lib\win64.o\libboost_system.dll
2022-06-09 14:54:03,145 DEBUG: o.q:? - Could not delete E:\VHDLL\.xinstall\xic\lib\win64.o\libInst_7z.dll. E:\VHDLL\.xinstall\xic\lib\win64.o\libInst_7z.dll
2022-06-09 14:54:03,145 DEBUG: o.q:? - Could not delete E:\VHDLL\.xinstall\xic\lib\win64.o\libInst_Client7z.dll. E:\VHDLL\.xinstall\xic\lib\win64.o\libInst_Client7z.dll
2022-06-09 14:54:03,146 DEBUG: o.q:? - Could not delete E:\VHDLL\.xinstall\xic\lib\win64.o\librdi_install.dll. E:\VHDLL\.xinstall\xic\lib\win64.o\librdi_install.dll
2022-06-09 14:54:03,146 DEBUG: o.q:? - Could not delete E:\VHDLL\.xinstall\xic\lib\win64.o. E:\VHDLL\.xinstall\xic\lib\win64.o
2022-06-09 14:54:03,146 DEBUG: o.q:? - Could not delete E:\VHDLL\.xinstall\xic\lib. E:\VHDLL\.xinstall\xic\lib
2022-06-09 14:54:03,147 DEBUG: o.q:? - Could not delete E:\VHDLL\.xinstall\xic\tps\win64\jre\bin\awt.dll. E:\VHDLL\.xinstall\xic\tps\win64\jre\bin\awt.dll
2022-06-09 14:54:03,147 DEBUG: o.q:? - Could not delete E:\VHDLL\.xinstall\xic\tps\win64\jre\bin\dcpr.dll. E:\VHDLL\.xinstall\xic\tps\win64\jre\bin\dcpr.dll
2022-06-09 14:54:03,148 DEBUG: o.q:? - Could not delete E:\VHDLL\.xinstall\xic\tps\win64\jre\bin\fontmanager.dll. E:\VHDLL\.xinstall\xic\tps\win64\jre\bin\fontmanager.dll
2022-06-09 14:54:03,148 DEBUG: o.q:? - Could not delete E:\VHDLL\.xinstall\xic\tps\win64\jre\bin\java.dll. E:\VHDLL\.xinstall\xic\tps\win64\jre\bin\java.dll
2022-06-09 14:54:03,149 DEBUG: o.q:? - Could not delete E:\VHDLL\.xinstall\xic\tps\win64\jre\bin\java.exe. E:\VHDLL\.xinstall\xic\tps\win64\jre\bin\java.exe
2022-06-09 14:54:03,149 DEBUG: o.q:? - Could not delete E:\VHDLL\.xinstall\xic\tps\win64\jre\bin\jpeg.dll. E:\VHDLL\.xinstall\xic\tps\win64\jre\bin\jpeg.dll
2022-06-09 14:54:03,150 DEBUG: o.q:? - Could not delete E:\VHDLL\.xinstall\xic\tps\win64\jre\bin\management.dll. E:\VHDLL\.xinstall\xic\tps\win64\jre\bin\management.dll
2022-06-09 14:54:03,150 DEBUG: o.q:? - Could not delete E:\VHDLL\.xinstall\xic\tps\win64\jre\bin\msvcr100.dll. E:\VHDLL\.xinstall\xic\tps\win64\jre\bin\msvcr100.dll
2022-06-09 14:54:03,151 DEBUG: o.q:? - Could not delete E:\VHDLL\.xinstall\xic\tps\win64\jre\bin\net.dll. E:\VHDLL\.xinstall\xic\tps\win64\jre\bin\net.dll
2022-06-09 14:54:03,151 DEBUG: o.q:? - Could not delete E:\VHDLL\.xinstall\xic\tps\win64\jre\bin\nio.dll. E:\VHDLL\.xinstall\xic\tps\win64\jre\bin\nio.dll
2022-06-09 14:54:03,152 DEBUG: o.q:? - Could not delete E:\VHDLL\.xinstall\xic\tps\win64\jre\bin\server\jvm.dll. E:\VHDLL\.xinstall\xic\tps\win64\jre\bin\server\jvm.dll
2022-06-09 14:54:03,153 DEBUG: o.q:? - Could not delete E:\VHDLL\.xinstall\xic\tps\win64\jre\bin\server. E:\VHDLL\.xinstall\xic\tps\win64\jre\bin\server
2022-06-09 14:54:03,153 DEBUG: o.q:? - Could not delete E:\VHDLL\.xinstall\xic\tps\win64\jre\bin\splashscreen.dll. E:\VHDLL\.xinstall\xic\tps\win64\jre\bin\splashscreen.dll
2022-06-09 14:54:03,154 DEBUG: o.q:? - Could not delete E:\VHDLL\.xinstall\xic\tps\win64\jre\bin\t2k.dll. E:\VHDLL\.xinstall\xic\tps\win64\jre\bin\t2k.dll
2022-06-09 14:54:03,154 DEBUG: o.q:? - Could not delete E:\VHDLL\.xinstall\xic\tps\win64\jre\bin\verify.dll. E:\VHDLL\.xinstall\xic\tps\win64\jre\bin\verify.dll
2022-06-09 14:54:03,155 DEBUG: o.q:? - Could not delete E:\VHDLL\.xinstall\xic\tps\win64\jre\bin\zip.dll. E:\VHDLL\.xinstall\xic\tps\win64\jre\bin\zip.dll
2022-06-09 14:54:03,155 DEBUG: o.q:? - Could not delete E:\VHDLL\.xinstall\xic\tps\win64\jre\bin. E:\VHDLL\.xinstall\xic\tps\win64\jre\bin
2022-06-09 14:54:03,156 DEBUG: o.q:? - Could not delete E:\VHDLL\.xinstall\xic\tps\win64\jre\lib\ext\cldrdata.jar. E:\VHDLL\.xinstall\xic\tps\win64\jre\lib\ext\cldrdata.jar: The process cannot access the file because it is being used by another process.

2022-06-09 14:54:03,156 DEBUG: o.q:? - Could not delete E:\VHDLL\.xinstall\xic\tps\win64\jre\lib\ext\dnsns.jar. E:\VHDLL\.xinstall\xic\tps\win64\jre\lib\ext\dnsns.jar: The process cannot access the file because it is being used by another process.

2022-06-09 14:54:03,156 DEBUG: o.q:? - Could not delete E:\VHDLL\.xinstall\xic\tps\win64\jre\lib\ext\localedata.jar. E:\VHDLL\.xinstall\xic\tps\win64\jre\lib\ext\localedata.jar: The process cannot access the file because it is being used by another process.

2022-06-09 14:54:03,157 DEBUG: o.q:? - Could not delete E:\VHDLL\.xinstall\xic\tps\win64\jre\lib\ext\sunjce_provider.jar. E:\VHDLL\.xinstall\xic\tps\win64\jre\lib\ext\sunjce_provider.jar: The process cannot access the file because it is being used by another process.

2022-06-09 14:54:03,157 DEBUG: o.q:? - Could not delete E:\VHDLL\.xinstall\xic\tps\win64\jre\lib\ext\sunmscapi.jar. E:\VHDLL\.xinstall\xic\tps\win64\jre\lib\ext\sunmscapi.jar: The process cannot access the file because it is being used by another process.

2022-06-09 14:54:03,157 DEBUG: o.q:? - Could not delete E:\VHDLL\.xinstall\xic\tps\win64\jre\lib\ext\sunpkcs11.jar. E:\VHDLL\.xinstall\xic\tps\win64\jre\lib\ext\sunpkcs11.jar: The process cannot access the file because it is being used by another process.

2022-06-09 14:54:03,158 DEBUG: o.q:? - Could not delete E:\VHDLL\.xinstall\xic\tps\win64\jre\lib\ext. E:\VHDLL\.xinstall\xic\tps\win64\jre\lib\ext
2022-06-09 14:54:03,158 DEBUG: o.q:? - Could not delete E:\VHDLL\.xinstall\xic\tps\win64\jre\lib\jce.jar. E:\VHDLL\.xinstall\xic\tps\win64\jre\lib\jce.jar: The process cannot access the file because it is being used by another process.

2022-06-09 14:54:03,158 DEBUG: o.q:? - Could not delete E:\VHDLL\.xinstall\xic\tps\win64\jre\lib\jsse.jar. E:\VHDLL\.xinstall\xic\tps\win64\jre\lib\jsse.jar: The process cannot access the file because it is being used by another process.

2022-06-09 14:54:03,158 DEBUG: o.q:? - Could not delete E:\VHDLL\.xinstall\xic\tps\win64\jre\lib\resources.jar. E:\VHDLL\.xinstall\xic\tps\win64\jre\lib\resources.jar: The process cannot access the file because it is being used by another process.

2022-06-09 14:54:03,158 DEBUG: o.q:? - Could not delete E:\VHDLL\.xinstall\xic\tps\win64\jre\lib\rt.jar. E:\VHDLL\.xinstall\xic\tps\win64\jre\lib\rt.jar: The process cannot access the file because it is being used by another process.

2022-06-09 14:54:03,159 DEBUG: o.q:? - Could not delete E:\VHDLL\.xinstall\xic\tps\win64\jre\lib. E:\VHDLL\.xinstall\xic\tps\win64\jre\lib
2022-06-09 14:54:03,159 DEBUG: o.q:? - Could not delete E:\VHDLL\.xinstall\xic\tps\win64\jre. E:\VHDLL\.xinstall\xic\tps\win64\jre
2022-06-09 14:54:03,159 DEBUG: o.q:? - Could not delete E:\VHDLL\.xinstall\xic\tps\win64. E:\VHDLL\.xinstall\xic\tps\win64
2022-06-09 14:54:03,159 DEBUG: o.q:? - Could not delete E:\VHDLL\.xinstall\xic\tps. E:\VHDLL\.xinstall\xic\tps
2022-06-09 14:54:03,161 DEBUG: o.q:? - Could not delete E:\VHDLL\.xinstall\xic. E:\VHDLL\.xinstall\xic
2022-06-09 14:54:03,161 DEBUG: o.k:? - Not all files are removed, need manually remove them.
2022-06-09 14:54:03,161 DEBUG: o.j:? - Safe to delete .xinstall dir.
2022-06-09 14:54:03,164 DEBUG: com.xilinx.installer.utils.FileUtilities:? - Cleanup cmd: E:\VHDLL\.xinstall\xic\bin\\..\bin\_xInstallerCleanup.exe C:\Users\20101\AppData\Local\Temp\.xinstall_remove_file.bat
