26:05:21.117432 dns-monitor Log continuation - Log started 2022-10-07T01:35:54.279308100Z
26:05:21.118232 dns-monitor HostDnsMonitor: old information
26:05:21.118326 dns-monitor   server 1: 62.240.110.198
26:05:21.118358 dns-monitor   server 2: 62.240.110.197
26:05:21.118394 dns-monitor   domain: home
26:05:21.118429 dns-monitor   no search string entries
26:05:21.118463 dns-monitor HostDnsMonitor: new information
26:05:21.118486 dns-monitor   no server entries
26:05:21.118510 dns-monitor   no domain set
26:05:21.118532 dns-monitor   no search string entries
26:05:24.009392 dns-monitor HostDnsMonitor: updating information
26:05:24.009455 dns-monitor HostDnsMonitor: old information
26:05:24.009484 dns-monitor   no server entries
26:05:24.010248 dns-monitor   no domain set
26:05:24.010264 dns-monitor   no search string entries
26:05:24.010270 dns-monitor HostDnsMonitor: new information
26:05:24.010274 dns-monitor   server 1: 192.168.49.1
26:05:24.010279 dns-monitor   server 2: 62.240.110.198
26:05:24.010284 dns-monitor   server 3: 62.240.110.197
26:05:24.010288 dns-monitor   domain: home
26:05:24.010293 dns-monitor   no search string entries
35:32:41.395736 MainPower Host resumed: Resumed 0 VMs
35:32:43.254601 dns-monitor HostDnsMonitor: updating information
35:32:43.254664 dns-monitor HostDnsMonitor: old information
35:32:43.254674 dns-monitor   server 1: 192.168.49.1
35:32:43.254682 dns-monitor   server 2: 62.240.110.198
35:32:43.254690 dns-monitor   server 3: 62.240.110.197
35:32:43.254696 dns-monitor   domain: home
35:32:43.254702 dns-monitor   no search string entries
35:32:43.254707 dns-monitor HostDnsMonitor: new information
35:32:43.254713 dns-monitor   no server entries
35:32:43.254719 dns-monitor   no domain set
35:32:43.254733 dns-monitor   no search string entries
35:32:47.192036 dns-monitor HostDnsMonitor: updating information
35:32:47.192077 dns-monitor HostDnsMonitor: old information
35:32:47.192085 dns-monitor   no server entries
35:32:47.192093 dns-monitor   no domain set
35:32:47.192100 dns-monitor   no search string entries
35:32:47.192106 dns-monitor HostDnsMonitor: new information
35:32:47.192113 dns-monitor   server 1: 62.240.110.198
35:32:47.192119 dns-monitor   server 2: 62.240.110.197
35:32:47.192125 dns-monitor   domain: home
35:32:47.192131 dns-monitor   no search string entries
35:32:47.392028 USBPROXY usbLibGetDevices: Starting USB device enumeration
35:32:47.392699 USBPROXY Getting USB descriptor (id 0) failed (dwErr=31) on hub USB#ROOT_HUB30#5&cc531e&0&0#{f18a0e88-c30c-11d0-8815-00a0c906bed8} port 4
35:32:47.410875 USBPROXY Getting USB descriptor (id 0) failed (dwErr=31) on hub USB#ROOT_HUB30#5&29214a6a&0&0#{f18a0e88-c30c-11d0-8815-00a0c906bed8} port 2
35:32:47.412041 USBPROXY usbLibGetDevices: Found 3 USB devices, 0 captured
35:32:48.873787 USBPROXY usbLibGetDevices: Starting USB device enumeration
35:32:48.886021 USBPROXY Getting USB descriptor (id 0) failed (dwErr=31) on hub USB#ROOT_HUB30#5&cc531e&0&0#{f18a0e88-c30c-11d0-8815-00a0c906bed8} port 4
35:32:49.074807 USBPROXY Getting USB descriptor (id 0) failed (dwErr=31) on hub USB#ROOT_HUB30#5&29214a6a&0&0#{f18a0e88-c30c-11d0-8815-00a0c906bed8} port 2
35:32:49.075083 USBPROXY usbLibGetDevices: Found 3 USB devices, 0 captured
35:32:50.708565          Saving settings file "C:\Users\20101\.VirtualBox\VirtualBox.xml" with version "1.12-windows"
35:32:50.719746          Saving settings file "C:\Users\20101\.VirtualBox\VirtualBox.xml" with version "1.12-windows"
35:32:50.728035          Saving settings file "C:\Users\20101\.VirtualBox\VirtualBox.xml" with version "1.12-windows"
35:32:57.008502 main     VirtualBox: object deletion starts
35:32:57.009236 main     ERROR [COM]: aRC=VBOX_E_OBJECT_IN_USE (0x80bb000c) aIID={ad47ad09-787b-44ab-b343-a082a3f2dfb1} aComponent={MediumWrap} aText={Medium 'C:\Users\20101\VirtualBox VMs\Android\Android.vhd' cannot be closed because it is still attached to 1 virtual machines}, preserve=false aResultDetail=0
35:32:57.019098 main     HostDnsMonitor: shutting down ...
35:32:57.019241 main     HostDnsMonitor: shut down
35:32:57.029030 Watcher  ERROR [COM]: aRC=E_ACCESSDENIED (0x80070005) aIID={d0a0163f-e254-4e5b-a1f2-011cf991c38d} aComponent={VirtualBoxWrap} aText={The object is not ready}, preserve=false aResultDetail=0
35:32:57.029642 main     VirtualBox: object deleted
